<?xml version="1.0" encoding="UTF-8"?>
<testng-results ignored="0" total="2" passed="1" failed="1" skipped="0">
  <reporter-output>
  </reporter-output>
  <suite started-at="2024-05-09T11:18:52 IST" name="Default suite" finished-at="2024-05-09T11:19:02 IST" duration-ms="10003">
    <groups>
    </groups>
    <test started-at="2024-05-09T11:18:52 IST" name="Default test" finished-at="2024-05-09T11:19:02 IST" duration-ms="10003">
      <class name="com.qawingify_BankingApplication.testcases.HomePageTest">
        <test-method is-config="true" signature="setUp()[pri:0, instance:com.qawingify_BankingApplication.testcases.HomePageTest@6aeb35e6]" started-at="2024-05-09T11:18:52 IST" name="setUp" finished-at="2024-05-09T11:18:57 IST" duration-ms="5704" status="PASS">
          <reporter-output>
          </reporter-output>
        </test-method> <!-- setUp -->
        <test-method signature="testAmountHeaderSorting()[pri:0, instance:com.qawingify_BankingApplication.testcases.HomePageTest@6aeb35e6]" started-at="2024-05-09T11:18:57 IST" name="testAmountHeaderSorting" finished-at="2024-05-09T11:18:58 IST" duration-ms="239" status="FAIL">
          <exception class="junit.framework.AssertionFailedError">
            <message>
              <![CDATA[Amounts are not in ascending order]]>
            </message>
            <full-stacktrace>
              <![CDATA[junit.framework.AssertionFailedError: Amounts are not in ascending order
at junit.framework.Assert.fail(Assert.java:47)
at junit.framework.Assert.assertTrue(Assert.java:20)
at com.qawingify_BankingApplication.testcases.HomePageTest.testAmountHeaderSorting(HomePageTest.java:56)
at java.base/jdk.internal.reflect.DirectMethodHandleAccessor.invoke(DirectMethodHandleAccessor.java:104)
at java.base/java.lang.reflect.Method.invoke(Method.java:577)
at org.testng.internal.invokers.MethodInvocationHelper.invokeMethod(MethodInvocationHelper.java:139)
at org.testng.internal.invokers.TestInvoker.invokeMethod(TestInvoker.java:664)
at org.testng.internal.invokers.TestInvoker.invokeTestMethod(TestInvoker.java:228)
at org.testng.internal.invokers.MethodRunner.runInSequence(MethodRunner.java:63)
at org.testng.internal.invokers.TestInvoker$MethodInvocationAgent.invoke(TestInvoker.java:961)
at org.testng.internal.invokers.TestInvoker.invokeTestMethods(TestInvoker.java:201)
at org.testng.internal.invokers.TestMethodWorker.invokeTestMethods(TestMethodWorker.java:148)
at org.testng.internal.invokers.TestMethodWorker.run(TestMethodWorker.java:128)
at java.base/java.util.ArrayList.forEach(ArrayList.java:1511)
at org.testng.TestRunner.privateRun(TestRunner.java:819)
at org.testng.TestRunner.run(TestRunner.java:619)
at org.testng.SuiteRunner.runTest(SuiteRunner.java:443)
at org.testng.SuiteRunner.runSequentially(SuiteRunner.java:437)
at org.testng.SuiteRunner.privateRun(SuiteRunner.java:397)
at org.testng.SuiteRunner.run(SuiteRunner.java:336)
at org.testng.SuiteRunnerWorker.runSuite(SuiteRunnerWorker.java:52)
at org.testng.SuiteRunnerWorker.run(SuiteRunnerWorker.java:95)
at org.testng.TestNG.runSuitesSequentially(TestNG.java:1301)
at org.testng.TestNG.runSuitesLocally(TestNG.java:1228)
at org.testng.TestNG.runSuites(TestNG.java:1134)
at org.testng.TestNG.run(TestNG.java:1101)
at org.testng.remote.AbstractRemoteTestNG.run(AbstractRemoteTestNG.java:115)
at org.testng.remote.RemoteTestNG.initAndRun(RemoteTestNG.java:251)
at org.testng.remote.RemoteTestNG.main(RemoteTestNG.java:77)
]]>
            </full-stacktrace>
          </exception> <!-- junit.framework.AssertionFailedError -->
          <reporter-output>
          </reporter-output>
        </test-method> <!-- testAmountHeaderSorting -->
        <test-method is-config="true" signature="tearDown()[pri:0, instance:com.qawingify_BankingApplication.testcases.HomePageTest@6aeb35e6]" started-at="2024-05-09T11:18:58 IST" name="tearDown" finished-at="2024-05-09T11:18:58 IST" duration-ms="520" status="PASS">
          <reporter-output>
          </reporter-output>
        </test-method> <!-- tearDown -->
        <test-method is-config="true" signature="setUp()[pri:0, instance:com.qawingify_BankingApplication.testcases.HomePageTest@6aeb35e6]" started-at="2024-05-09T11:18:58 IST" name="setUp" finished-at="2024-05-09T11:19:01 IST" duration-ms="3066" status="PASS">
          <reporter-output>
          </reporter-output>
        </test-method> <!-- setUp -->
        <test-method signature="validateTitle()[pri:0, instance:com.qawingify_BankingApplication.testcases.HomePageTest@6aeb35e6]" started-at="2024-05-09T11:19:01 IST" name="validateTitle" finished-at="2024-05-09T11:19:01 IST" duration-ms="13" status="PASS">
          <reporter-output>
          </reporter-output>
        </test-method> <!-- validateTitle -->
        <test-method is-config="true" signature="tearDown()[pri:0, instance:com.qawingify_BankingApplication.testcases.HomePageTest@6aeb35e6]" started-at="2024-05-09T11:19:01 IST" name="tearDown" finished-at="2024-05-09T11:19:02 IST" duration-ms="381" status="PASS">
          <reporter-output>
          </reporter-output>
        </test-method> <!-- tearDown -->
      </class> <!-- com.qawingify_BankingApplication.testcases.HomePageTest -->
    </test> <!-- Default test -->
  </suite> <!-- Default suite -->
</testng-results>
